2016-08-03 19:08:41,858 - django.request - WARNING
	Not Found: /static/sequencelistings/output/resources/style.css
2016-08-03 19:08:41,897 - django.request - WARNING
	Not Found: /static/images/rango.jpg
2016-08-03 19:08:47,235 - django.request - WARNING
	Not Found: /static/sequencelistings/output/resources/style.css
2016-08-03 19:08:50,554 - django.request - WARNING
	Not Found: /static/sequencelistings/output/resources/style.css
2016-08-03 19:08:51,523 - django.request - WARNING
	Not Found: /static/sequencelistings/output/resources/style.css
2016-08-03 19:08:51,704 - django.request - WARNING
	Not Found: /static/sequencelistings/output/resources/style.css
2016-08-03 19:08:52,943 - django.request - WARNING
	Not Found: /static/sequencelistings/output/resources/style.css
2016-08-03 19:08:53,268 - django.request - WARNING
	Not Found: /static/sequencelistings/output/resources/style.css
2016-08-03 19:08:57,196 - django.request - WARNING
	Not Found: /static/sequencelistings/output/resources/style.css
2016-08-03 19:09:00,595 - django.request - WARNING
	Not Found: /static/sequencelistings/output/resources/style.css
2016-08-03 19:09:01,504 - django.request - WARNING
	Not Found: /static/sequencelistings/output/resources/style.css
2016-08-03 19:09:01,688 - django.request - WARNING
	Not Found: /static/sequencelistings/output/resources/style.css
2016-08-03 19:09:02,700 - django.request - WARNING
	Not Found: /static/sequencelistings/output/resources/style.css
2016-08-03 19:09:03,046 - django.request - WARNING
	Not Found: /static/sequencelistings/output/resources/style.css
2016-08-03 19:09:06,793 - django.request - WARNING
	Not Found: /static/sequencelistings/output/resources/style.css
2016-08-03 19:09:10,107 - django.request - WARNING
	Not Found: /static/sequencelistings/output/resources/style.css
2016-08-03 19:09:11,224 - django.request - WARNING
	Not Found: /static/sequencelistings/output/resources/style.css
2016-08-03 19:09:11,415 - django.request - WARNING
	Not Found: /static/sequencelistings/output/resources/style.css
2016-08-03 19:09:12,574 - django.request - WARNING
	Not Found: /static/sequencelistings/output/resources/style.css
2016-08-03 19:09:18,423 - django.request - WARNING
	Not Found: /static/sequencelistings/output/resources/style.css
2016-08-03 19:09:22,134 - django.request - WARNING
	Not Found: /static/sequencelistings/output/resources/style.css
2016-08-03 19:09:29,192 - django.request - WARNING
	Not Found: /static/sequencelistings/output/resources/style.css
2016-08-03 19:09:30,244 - django.request - WARNING
	Not Found: /static/sequencelistings/output/resources/style.css
2016-08-03 19:09:30,458 - django.request - WARNING
	Not Found: /static/sequencelistings/output/resources/style.css
2016-08-03 19:09:35,947 - sequencelistings.util - ERROR
	The residues string contains "(" but does not match formula pattern. Residues: ab(c.
2016-08-03 19:09:35,947 - sequencelistings.util - ERROR
	The residues string contains "(" but does not match formula pattern. Residues: a(b9c.
2016-08-03 19:09:36,079 - sequencelistings.util - ERROR
	
/Users/ad/pyton/projects/st26proto/authoringtool/sequencelistings/testData/test6.xml
Opening and ending tag mismatch: ApplicantNamey line 21 and ApplicantName, line 23, column 34
2016-08-03 19:09:36,080 - sequencelistings.util - ERROR
	
/Users/ad/pyton/projects/st26proto/authoringtool/sequencelistings/testData/test7.xml
<string>:8:0:ERROR:VALID:DTD_CONTENT_MODEL: Element ST26SequenceListing content does not follow the DTD, expecting ((ApplicantFileReference | (ApplicationIdentification , ApplicantFileReference?)) , EarliestPriorityApplicationIdentification? , (ApplicantName , ApplicantNameLatin?)? , (InventorName , InventorNameLatin?)? , InventionTitle+ , SequenceTotalQuantity , SequenceData+), got (ApplicationIdentification ApplicantFileReference EarliestPriorityApplicationIdentification ApplicantsName ApplicantNameLatin InventorName InventorNameLatin InventionTitle InventionTitle SequenceTotalQuantity SequenceData SequenceData )
2016-08-03 19:09:36,082 - sequencelistings.util - ERROR
	
/Users/ad/pyton/projects/st26proto/authoringtool/sequencelistings/testData/test8.xml
<string>:8:0:ERROR:VALID:DTD_CONTENT_MODEL: Element ST26SequenceListing content does not follow the DTD, expecting ((ApplicantFileReference | (ApplicationIdentification , ApplicantFileReference?)) , EarliestPriorityApplicationIdentification? , (ApplicantName , ApplicantNameLatin?)? , (InventorName , InventorNameLatin?)? , InventionTitle+ , SequenceTotalQuantity , SequenceData+), got (ApplicationIdentification ApplicantFileReference EarliestPriorityApplicationIdentification ApplicantName ApplicantNameLatin InventorName InventorNameLatin InventionTitle InventionTitle SequenceData SequenceData )
2016-08-03 19:09:36,090 - sequencelistings.util - ERROR
	
/Users/ad/pyton/projects/st26proto/authoringtool/sequencelistings/testData/test4.xml
Opening and ending tag mismatch: ApplicantNamex line 20 and ApplicantName, line 22, column 34
2016-08-03 19:09:36,093 - sequencelistings.util - ERROR
	
/Users/ad/pyton/projects/st26proto/authoringtool/sequencelistings/testData/test5.xml:103:0:ERROR:SCHEMASV:SCHEMAV_CVC_ENUMERATION_VALID: Element 'INSDFeature_key': [facet 'enumeration'] The value 'SOURCxE' is not an element of the set {'allele', 'attenuator', 'C_region', 'CAAT_signal', 'CDS', 'conflict', 'D-loop', 'D_segment', 'enhancer', 'exon', 'GC_signal', 'gene', 'iDNA', 'intron', 'J_segment', 'LTR', 'mat_peptide', 'misc_binding', 'misc_difference', 'misc_feature', 'misc_recomb', 'misc_RNA', 'misc_signal', 'misc_structure', 'modified_base', 'mRNA', 'mutation', 'N_region', 'old_sequence', 'polyA_signal', 'polyA_site', 'precursor_RNA', 'prim_transcript', 'primer_bind', 'promoter', 'protein_bind', 'RBS', 'repeat_region', 'repeat_unit', 'rep_origin', 'rRNA', 'S_region', 'satellite', 'scRNA', 'sig_peptide', 'snRNA', 'source', 'stem_loop', 'STS', 'TATA_signal', 'terminator', 'transit_peptide', 'tRNA', 'unsure', 'V_region', 'V_segment', 'variation', '3'clip', '3'UTR', '5'clip', '5'UTR', '-10_signal', '-35_signal', 'ACT_SITE', 'BINDING', 'CA_BIND', 'CARBOHYD', 'CHAIN', 'COILED', 'COMPBIAS', 'CONFLICT', 'CROSSLNK', 'DISULFID', 'DNA_BIND', 'DOMAIN', 'HELIX', 'INIT_MET', 'INTRAMEM', 'LIPID', 'METAL', 'MOD_RES', 'MOTIF', 'MUTAGEN', 'NON_STD', 'NON_TER', 'NP_BIND', 'PEPTIDE', 'PROPEP', 'REGION', 'REPEAT', 'SIGNAL', 'SITE', 'SOURCE', 'STRAND', 'TOPO_DOM', 'TRANSMEM', 'TRANSIT', 'TURN', 'UNSURE', 'VARIANT', 'VAR_SEQ', 'ZN_FING'}.
/Users/ad/pyton/projects/st26proto/authoringtool/sequencelistings/testData/test5.xml:103:0:ERROR:SCHEMASV:SCHEMAV_CVC_DATATYPE_VALID_1_2_1: Element 'INSDFeature_key': 'SOURCxE' is not a valid value of the atomic type 'featureKeyValue'.
2016-08-03 19:09:36,098 - sequencelistings.util - ERROR
	
/Users/ad/pyton/projects/st26proto/authoringtool/sequencelistings/testData/test8.xml:42:0:ERROR:SCHEMASV:SCHEMAV_ELEMENT_CONTENT: Element 'SequenceData': This element is not expected. Expected is ( EarliestPriorityApplicationIdentification ).
2016-08-03 19:11:18,202 - django.request - WARNING
	Not Found: /static/sequencelistings/output/resources/style.css
