[02/Aug/2016 16:42:13] WARNING [django.request:143] Not Found: /static/sequencelistings/output/resources/style.css
[02/Aug/2016 16:42:13] WARNING [django.request:143] Not Found: /static/images/rango.jpg
[02/Aug/2016 16:42:17] WARNING [django.request:143] Not Found: /static/sequencelistings/output/resources/style.css
[02/Aug/2016 16:42:20] WARNING [django.request:143] Not Found: /static/sequencelistings/output/resources/style.css
[02/Aug/2016 16:42:21] WARNING [django.request:143] Not Found: /static/sequencelistings/output/resources/style.css
[02/Aug/2016 16:42:22] WARNING [django.request:143] Not Found: /static/sequencelistings/output/resources/style.css
[02/Aug/2016 16:42:23] WARNING [django.request:143] Not Found: /static/sequencelistings/output/resources/style.css
[02/Aug/2016 16:42:23] WARNING [django.request:143] Not Found: /static/sequencelistings/output/resources/style.css
[02/Aug/2016 16:42:27] WARNING [django.request:143] Not Found: /static/sequencelistings/output/resources/style.css
[02/Aug/2016 16:42:34] WARNING [django.request:143] Not Found: /static/sequencelistings/output/resources/style.css
[02/Aug/2016 16:42:35] WARNING [django.request:143] Not Found: /static/sequencelistings/output/resources/style.css
[02/Aug/2016 16:42:36] WARNING [django.request:143] Not Found: /static/sequencelistings/output/resources/style.css
[02/Aug/2016 16:42:41] ERROR [sequencelistings.util:123] The residues string contains "(" but does not match formula pattern. Residues: ab(c.
[02/Aug/2016 16:42:41] ERROR [sequencelistings.util:123] The residues string contains "(" but does not match formula pattern. Residues: a(b9c.
[02/Aug/2016 16:42:41] ERROR [sequencelistings.util:168] 
/Users/ad/pyton/projects/st26proto/authoringtool/sequencelistings/testData/test6.xml
Opening and ending tag mismatch: ApplicantNamey line 21 and ApplicantName, line 23, column 34
[02/Aug/2016 16:42:41] ERROR [sequencelistings.util:166] 
/Users/ad/pyton/projects/st26proto/authoringtool/sequencelistings/testData/test7.xml
<string>:8:0:ERROR:VALID:DTD_CONTENT_MODEL: Element ST26SequenceListing content does not follow the DTD, expecting ((ApplicantFileReference | (ApplicationIdentification , ApplicantFileReference?)) , EarliestPriorityApplicationIdentification? , (ApplicantName , ApplicantNameLatin?)? , (InventorName , InventorNameLatin?)? , InventionTitle+ , SequenceTotalQuantity , SequenceData+), got (ApplicationIdentification ApplicantFileReference EarliestPriorityApplicationIdentification ApplicantsName ApplicantNameLatin InventorName InventorNameLatin InventionTitle InventionTitle SequenceTotalQuantity SequenceData SequenceData )
[02/Aug/2016 16:42:41] ERROR [sequencelistings.util:166] 
/Users/ad/pyton/projects/st26proto/authoringtool/sequencelistings/testData/test8.xml
<string>:8:0:ERROR:VALID:DTD_CONTENT_MODEL: Element ST26SequenceListing content does not follow the DTD, expecting ((ApplicantFileReference | (ApplicationIdentification , ApplicantFileReference?)) , EarliestPriorityApplicationIdentification? , (ApplicantName , ApplicantNameLatin?)? , (InventorName , InventorNameLatin?)? , InventionTitle+ , SequenceTotalQuantity , SequenceData+), got (ApplicationIdentification ApplicantFileReference EarliestPriorityApplicationIdentification ApplicantName ApplicantNameLatin InventorName InventorNameLatin InventionTitle InventionTitle SequenceData SequenceData )
[02/Aug/2016 16:42:41] ERROR [sequencelistings.util:151] 
/Users/ad/pyton/projects/st26proto/authoringtool/sequencelistings/testData/test4.xml
Opening and ending tag mismatch: ApplicantNamex line 20 and ApplicantName, line 22, column 34
[02/Aug/2016 16:42:41] ERROR [sequencelistings.util:149] 
/Users/ad/pyton/projects/st26proto/authoringtool/sequencelistings/testData/test5.xml:103:0:ERROR:SCHEMASV:SCHEMAV_CVC_ENUMERATION_VALID: Element 'INSDFeature_key': [facet 'enumeration'] The value 'SOURCxE' is not an element of the set {'allele', 'attenuator', 'C_region', 'CAAT_signal', 'CDS', 'conflict', 'D-loop', 'D_segment', 'enhancer', 'exon', 'GC_signal', 'gene', 'iDNA', 'intron', 'J_segment', 'LTR', 'mat_peptide', 'misc_binding', 'misc_difference', 'misc_feature', 'misc_recomb', 'misc_RNA', 'misc_signal', 'misc_structure', 'modified_base', 'mRNA', 'mutation', 'N_region', 'old_sequence', 'polyA_signal', 'polyA_site', 'precursor_RNA', 'prim_transcript', 'primer_bind', 'promoter', 'protein_bind', 'RBS', 'repeat_region', 'repeat_unit', 'rep_origin', 'rRNA', 'S_region', 'satellite', 'scRNA', 'sig_peptide', 'snRNA', 'source', 'stem_loop', 'STS', 'TATA_signal', 'terminator', 'transit_peptide', 'tRNA', 'unsure', 'V_region', 'V_segment', 'variation', '3'clip', '3'UTR', '5'clip', '5'UTR', '-10_signal', '-35_signal', 'ACT_SITE', 'BINDING', 'CA_BIND', 'CARBOHYD', 'CHAIN', 'COILED', 'COMPBIAS', 'CONFLICT', 'CROSSLNK', 'DISULFID', 'DNA_BIND', 'DOMAIN', 'HELIX', 'INIT_MET', 'INTRAMEM', 'LIPID', 'METAL', 'MOD_RES', 'MOTIF', 'MUTAGEN', 'NON_STD', 'NON_TER', 'NP_BIND', 'PEPTIDE', 'PROPEP', 'REGION', 'REPEAT', 'SIGNAL', 'SITE', 'SOURCE', 'STRAND', 'TOPO_DOM', 'TRANSMEM', 'TRANSIT', 'TURN', 'UNSURE', 'VARIANT', 'VAR_SEQ', 'ZN_FING'}.
/Users/ad/pyton/projects/st26proto/authoringtool/sequencelistings/testData/test5.xml:103:0:ERROR:SCHEMASV:SCHEMAV_CVC_DATATYPE_VALID_1_2_1: Element 'INSDFeature_key': 'SOURCxE' is not a valid value of the atomic type 'featureKeyValue'.
[02/Aug/2016 16:42:41] ERROR [sequencelistings.util:149] 
/Users/ad/pyton/projects/st26proto/authoringtool/sequencelistings/testData/test8.xml:42:0:ERROR:SCHEMASV:SCHEMAV_ELEMENT_CONTENT: Element 'SequenceData': This element is not expected. Expected is ( EarliestPriorityApplicationIdentification ).
[02/Aug/2016 16:48:55] ERROR [sequencelistings.util:123] The residues string contains "(" but does not match formula pattern. Residues: ab(c.
[02/Aug/2016 16:48:55] ERROR [sequencelistings.util:123] The residues string contains "(" but does not match formula pattern. Residues: a(b9c.
[02/Aug/2016 16:48:55] ERROR [sequencelistings.util:168] 
/Users/ad/pyton/projects/st26proto/authoringtool/sequencelistings/testData/test6.xml
Opening and ending tag mismatch: ApplicantNamey line 21 and ApplicantName, line 23, column 34
[02/Aug/2016 16:48:55] ERROR [sequencelistings.util:166] 
/Users/ad/pyton/projects/st26proto/authoringtool/sequencelistings/testData/test7.xml
<string>:8:0:ERROR:VALID:DTD_CONTENT_MODEL: Element ST26SequenceListing content does not follow the DTD, expecting ((ApplicantFileReference | (ApplicationIdentification , ApplicantFileReference?)) , EarliestPriorityApplicationIdentification? , (ApplicantName , ApplicantNameLatin?)? , (InventorName , InventorNameLatin?)? , InventionTitle+ , SequenceTotalQuantity , SequenceData+), got (ApplicationIdentification ApplicantFileReference EarliestPriorityApplicationIdentification ApplicantsName ApplicantNameLatin InventorName InventorNameLatin InventionTitle InventionTitle SequenceTotalQuantity SequenceData SequenceData )
[02/Aug/2016 16:48:55] ERROR [sequencelistings.util:166] 
/Users/ad/pyton/projects/st26proto/authoringtool/sequencelistings/testData/test8.xml
<string>:8:0:ERROR:VALID:DTD_CONTENT_MODEL: Element ST26SequenceListing content does not follow the DTD, expecting ((ApplicantFileReference | (ApplicationIdentification , ApplicantFileReference?)) , EarliestPriorityApplicationIdentification? , (ApplicantName , ApplicantNameLatin?)? , (InventorName , InventorNameLatin?)? , InventionTitle+ , SequenceTotalQuantity , SequenceData+), got (ApplicationIdentification ApplicantFileReference EarliestPriorityApplicationIdentification ApplicantName ApplicantNameLatin InventorName InventorNameLatin InventionTitle InventionTitle SequenceData SequenceData )
[02/Aug/2016 16:48:55] ERROR [sequencelistings.util:151] 
/Users/ad/pyton/projects/st26proto/authoringtool/sequencelistings/testData/test4.xml
Opening and ending tag mismatch: ApplicantNamex line 20 and ApplicantName, line 22, column 34
[02/Aug/2016 16:48:55] ERROR [sequencelistings.util:149] 
/Users/ad/pyton/projects/st26proto/authoringtool/sequencelistings/testData/test5.xml:103:0:ERROR:SCHEMASV:SCHEMAV_CVC_ENUMERATION_VALID: Element 'INSDFeature_key': [facet 'enumeration'] The value 'SOURCxE' is not an element of the set {'allele', 'attenuator', 'C_region', 'CAAT_signal', 'CDS', 'conflict', 'D-loop', 'D_segment', 'enhancer', 'exon', 'GC_signal', 'gene', 'iDNA', 'intron', 'J_segment', 'LTR', 'mat_peptide', 'misc_binding', 'misc_difference', 'misc_feature', 'misc_recomb', 'misc_RNA', 'misc_signal', 'misc_structure', 'modified_base', 'mRNA', 'mutation', 'N_region', 'old_sequence', 'polyA_signal', 'polyA_site', 'precursor_RNA', 'prim_transcript', 'primer_bind', 'promoter', 'protein_bind', 'RBS', 'repeat_region', 'repeat_unit', 'rep_origin', 'rRNA', 'S_region', 'satellite', 'scRNA', 'sig_peptide', 'snRNA', 'source', 'stem_loop', 'STS', 'TATA_signal', 'terminator', 'transit_peptide', 'tRNA', 'unsure', 'V_region', 'V_segment', 'variation', '3'clip', '3'UTR', '5'clip', '5'UTR', '-10_signal', '-35_signal', 'ACT_SITE', 'BINDING', 'CA_BIND', 'CARBOHYD', 'CHAIN', 'COILED', 'COMPBIAS', 'CONFLICT', 'CROSSLNK', 'DISULFID', 'DNA_BIND', 'DOMAIN', 'HELIX', 'INIT_MET', 'INTRAMEM', 'LIPID', 'METAL', 'MOD_RES', 'MOTIF', 'MUTAGEN', 'NON_STD', 'NON_TER', 'NP_BIND', 'PEPTIDE', 'PROPEP', 'REGION', 'REPEAT', 'SIGNAL', 'SITE', 'SOURCE', 'STRAND', 'TOPO_DOM', 'TRANSMEM', 'TRANSIT', 'TURN', 'UNSURE', 'VARIANT', 'VAR_SEQ', 'ZN_FING'}.
/Users/ad/pyton/projects/st26proto/authoringtool/sequencelistings/testData/test5.xml:103:0:ERROR:SCHEMASV:SCHEMAV_CVC_DATATYPE_VALID_1_2_1: Element 'INSDFeature_key': 'SOURCxE' is not a valid value of the atomic type 'featureKeyValue'.
[02/Aug/2016 16:48:55] ERROR [sequencelistings.util:149] 
/Users/ad/pyton/projects/st26proto/authoringtool/sequencelistings/testData/test8.xml:42:0:ERROR:SCHEMASV:SCHEMAV_ELEMENT_CONTENT: Element 'SequenceData': This element is not expected. Expected is ( EarliestPriorityApplicationIdentification ).
[02/Aug/2016 16:49:52] ERROR [sequencelistings.util:123] The residues string contains "(" but does not match formula pattern. Residues: ab(c.
[02/Aug/2016 16:49:52] ERROR [sequencelistings.util:123] The residues string contains "(" but does not match formula pattern. Residues: a(b9c.
[02/Aug/2016 16:49:52] ERROR [sequencelistings.util:168] 
/Users/ad/pyton/projects/st26proto/authoringtool/sequencelistings/testData/test6.xml
Opening and ending tag mismatch: ApplicantNamey line 21 and ApplicantName, line 23, column 34
[02/Aug/2016 16:49:52] ERROR [sequencelistings.util:166] 
/Users/ad/pyton/projects/st26proto/authoringtool/sequencelistings/testData/test7.xml
<string>:8:0:ERROR:VALID:DTD_CONTENT_MODEL: Element ST26SequenceListing content does not follow the DTD, expecting ((ApplicantFileReference | (ApplicationIdentification , ApplicantFileReference?)) , EarliestPriorityApplicationIdentification? , (ApplicantName , ApplicantNameLatin?)? , (InventorName , InventorNameLatin?)? , InventionTitle+ , SequenceTotalQuantity , SequenceData+), got (ApplicationIdentification ApplicantFileReference EarliestPriorityApplicationIdentification ApplicantsName ApplicantNameLatin InventorName InventorNameLatin InventionTitle InventionTitle SequenceTotalQuantity SequenceData SequenceData )
[02/Aug/2016 16:49:52] ERROR [sequencelistings.util:166] 
/Users/ad/pyton/projects/st26proto/authoringtool/sequencelistings/testData/test8.xml
<string>:8:0:ERROR:VALID:DTD_CONTENT_MODEL: Element ST26SequenceListing content does not follow the DTD, expecting ((ApplicantFileReference | (ApplicationIdentification , ApplicantFileReference?)) , EarliestPriorityApplicationIdentification? , (ApplicantName , ApplicantNameLatin?)? , (InventorName , InventorNameLatin?)? , InventionTitle+ , SequenceTotalQuantity , SequenceData+), got (ApplicationIdentification ApplicantFileReference EarliestPriorityApplicationIdentification ApplicantName ApplicantNameLatin InventorName InventorNameLatin InventionTitle InventionTitle SequenceData SequenceData )
[02/Aug/2016 16:49:52] ERROR [sequencelistings.util:151] 
/Users/ad/pyton/projects/st26proto/authoringtool/sequencelistings/testData/test4.xml
Opening and ending tag mismatch: ApplicantNamex line 20 and ApplicantName, line 22, column 34
[02/Aug/2016 16:49:52] ERROR [sequencelistings.util:149] 
/Users/ad/pyton/projects/st26proto/authoringtool/sequencelistings/testData/test5.xml:103:0:ERROR:SCHEMASV:SCHEMAV_CVC_ENUMERATION_VALID: Element 'INSDFeature_key': [facet 'enumeration'] The value 'SOURCxE' is not an element of the set {'allele', 'attenuator', 'C_region', 'CAAT_signal', 'CDS', 'conflict', 'D-loop', 'D_segment', 'enhancer', 'exon', 'GC_signal', 'gene', 'iDNA', 'intron', 'J_segment', 'LTR', 'mat_peptide', 'misc_binding', 'misc_difference', 'misc_feature', 'misc_recomb', 'misc_RNA', 'misc_signal', 'misc_structure', 'modified_base', 'mRNA', 'mutation', 'N_region', 'old_sequence', 'polyA_signal', 'polyA_site', 'precursor_RNA', 'prim_transcript', 'primer_bind', 'promoter', 'protein_bind', 'RBS', 'repeat_region', 'repeat_unit', 'rep_origin', 'rRNA', 'S_region', 'satellite', 'scRNA', 'sig_peptide', 'snRNA', 'source', 'stem_loop', 'STS', 'TATA_signal', 'terminator', 'transit_peptide', 'tRNA', 'unsure', 'V_region', 'V_segment', 'variation', '3'clip', '3'UTR', '5'clip', '5'UTR', '-10_signal', '-35_signal', 'ACT_SITE', 'BINDING', 'CA_BIND', 'CARBOHYD', 'CHAIN', 'COILED', 'COMPBIAS', 'CONFLICT', 'CROSSLNK', 'DISULFID', 'DNA_BIND', 'DOMAIN', 'HELIX', 'INIT_MET', 'INTRAMEM', 'LIPID', 'METAL', 'MOD_RES', 'MOTIF', 'MUTAGEN', 'NON_STD', 'NON_TER', 'NP_BIND', 'PEPTIDE', 'PROPEP', 'REGION', 'REPEAT', 'SIGNAL', 'SITE', 'SOURCE', 'STRAND', 'TOPO_DOM', 'TRANSMEM', 'TRANSIT', 'TURN', 'UNSURE', 'VARIANT', 'VAR_SEQ', 'ZN_FING'}.
/Users/ad/pyton/projects/st26proto/authoringtool/sequencelistings/testData/test5.xml:103:0:ERROR:SCHEMASV:SCHEMAV_CVC_DATATYPE_VALID_1_2_1: Element 'INSDFeature_key': 'SOURCxE' is not a valid value of the atomic type 'featureKeyValue'.
[02/Aug/2016 16:49:52] ERROR [sequencelistings.util:149] 
/Users/ad/pyton/projects/st26proto/authoringtool/sequencelistings/testData/test8.xml:42:0:ERROR:SCHEMASV:SCHEMAV_ELEMENT_CONTENT: Element 'SequenceData': This element is not expected. Expected is ( EarliestPriorityApplicationIdentification ).
[02/Aug/2016 16:51:36] ERROR [sequencelistings.util:123] The residues string contains "(" but does not match formula pattern. Residues: ab(c.
[02/Aug/2016 16:51:36] ERROR [sequencelistings.util:123] The residues string contains "(" but does not match formula pattern. Residues: a(b9c.
[02/Aug/2016 16:51:36] ERROR [sequencelistings.util:168] 
/Users/ad/pyton/projects/st26proto/authoringtool/sequencelistings/testData/test6.xml
Opening and ending tag mismatch: ApplicantNamey line 21 and ApplicantName, line 23, column 34
[02/Aug/2016 16:51:36] ERROR [sequencelistings.util:166] 
/Users/ad/pyton/projects/st26proto/authoringtool/sequencelistings/testData/test7.xml
<string>:8:0:ERROR:VALID:DTD_CONTENT_MODEL: Element ST26SequenceListing content does not follow the DTD, expecting ((ApplicantFileReference | (ApplicationIdentification , ApplicantFileReference?)) , EarliestPriorityApplicationIdentification? , (ApplicantName , ApplicantNameLatin?)? , (InventorName , InventorNameLatin?)? , InventionTitle+ , SequenceTotalQuantity , SequenceData+), got (ApplicationIdentification ApplicantFileReference EarliestPriorityApplicationIdentification ApplicantsName ApplicantNameLatin InventorName InventorNameLatin InventionTitle InventionTitle SequenceTotalQuantity SequenceData SequenceData )
[02/Aug/2016 16:51:36] ERROR [sequencelistings.util:166] 
/Users/ad/pyton/projects/st26proto/authoringtool/sequencelistings/testData/test8.xml
<string>:8:0:ERROR:VALID:DTD_CONTENT_MODEL: Element ST26SequenceListing content does not follow the DTD, expecting ((ApplicantFileReference | (ApplicationIdentification , ApplicantFileReference?)) , EarliestPriorityApplicationIdentification? , (ApplicantName , ApplicantNameLatin?)? , (InventorName , InventorNameLatin?)? , InventionTitle+ , SequenceTotalQuantity , SequenceData+), got (ApplicationIdentification ApplicantFileReference EarliestPriorityApplicationIdentification ApplicantName ApplicantNameLatin InventorName InventorNameLatin InventionTitle InventionTitle SequenceData SequenceData )
[02/Aug/2016 16:51:36] ERROR [sequencelistings.util:151] 
/Users/ad/pyton/projects/st26proto/authoringtool/sequencelistings/testData/test4.xml
Opening and ending tag mismatch: ApplicantNamex line 20 and ApplicantName, line 22, column 34
[02/Aug/2016 16:51:36] ERROR [sequencelistings.util:149] 
/Users/ad/pyton/projects/st26proto/authoringtool/sequencelistings/testData/test5.xml:103:0:ERROR:SCHEMASV:SCHEMAV_CVC_ENUMERATION_VALID: Element 'INSDFeature_key': [facet 'enumeration'] The value 'SOURCxE' is not an element of the set {'allele', 'attenuator', 'C_region', 'CAAT_signal', 'CDS', 'conflict', 'D-loop', 'D_segment', 'enhancer', 'exon', 'GC_signal', 'gene', 'iDNA', 'intron', 'J_segment', 'LTR', 'mat_peptide', 'misc_binding', 'misc_difference', 'misc_feature', 'misc_recomb', 'misc_RNA', 'misc_signal', 'misc_structure', 'modified_base', 'mRNA', 'mutation', 'N_region', 'old_sequence', 'polyA_signal', 'polyA_site', 'precursor_RNA', 'prim_transcript', 'primer_bind', 'promoter', 'protein_bind', 'RBS', 'repeat_region', 'repeat_unit', 'rep_origin', 'rRNA', 'S_region', 'satellite', 'scRNA', 'sig_peptide', 'snRNA', 'source', 'stem_loop', 'STS', 'TATA_signal', 'terminator', 'transit_peptide', 'tRNA', 'unsure', 'V_region', 'V_segment', 'variation', '3'clip', '3'UTR', '5'clip', '5'UTR', '-10_signal', '-35_signal', 'ACT_SITE', 'BINDING', 'CA_BIND', 'CARBOHYD', 'CHAIN', 'COILED', 'COMPBIAS', 'CONFLICT', 'CROSSLNK', 'DISULFID', 'DNA_BIND', 'DOMAIN', 'HELIX', 'INIT_MET', 'INTRAMEM', 'LIPID', 'METAL', 'MOD_RES', 'MOTIF', 'MUTAGEN', 'NON_STD', 'NON_TER', 'NP_BIND', 'PEPTIDE', 'PROPEP', 'REGION', 'REPEAT', 'SIGNAL', 'SITE', 'SOURCE', 'STRAND', 'TOPO_DOM', 'TRANSMEM', 'TRANSIT', 'TURN', 'UNSURE', 'VARIANT', 'VAR_SEQ', 'ZN_FING'}.
/Users/ad/pyton/projects/st26proto/authoringtool/sequencelistings/testData/test5.xml:103:0:ERROR:SCHEMASV:SCHEMAV_CVC_DATATYPE_VALID_1_2_1: Element 'INSDFeature_key': 'SOURCxE' is not a valid value of the atomic type 'featureKeyValue'.
[02/Aug/2016 16:51:36] ERROR [sequencelistings.util:149] 
/Users/ad/pyton/projects/st26proto/authoringtool/sequencelistings/testData/test8.xml:42:0:ERROR:SCHEMASV:SCHEMAV_ELEMENT_CONTENT: Element 'SequenceData': This element is not expected. Expected is ( EarliestPriorityApplicationIdentification ).
[02/Aug/2016 16:52:17] ERROR [sequencelistings.util:123] The residues string contains "(" but does not match formula pattern. Residues: ab(c.
[02/Aug/2016 16:52:17] ERROR [sequencelistings.util:123] The residues string contains "(" but does not match formula pattern. Residues: a(b9c.
[02/Aug/2016 16:52:17] ERROR [sequencelistings.util:168] 
/Users/ad/pyton/projects/st26proto/authoringtool/sequencelistings/testData/test6.xml
Opening and ending tag mismatch: ApplicantNamey line 21 and ApplicantName, line 23, column 34
[02/Aug/2016 16:52:17] ERROR [sequencelistings.util:166] 
/Users/ad/pyton/projects/st26proto/authoringtool/sequencelistings/testData/test7.xml
<string>:8:0:ERROR:VALID:DTD_CONTENT_MODEL: Element ST26SequenceListing content does not follow the DTD, expecting ((ApplicantFileReference | (ApplicationIdentification , ApplicantFileReference?)) , EarliestPriorityApplicationIdentification? , (ApplicantName , ApplicantNameLatin?)? , (InventorName , InventorNameLatin?)? , InventionTitle+ , SequenceTotalQuantity , SequenceData+), got (ApplicationIdentification ApplicantFileReference EarliestPriorityApplicationIdentification ApplicantsName ApplicantNameLatin InventorName InventorNameLatin InventionTitle InventionTitle SequenceTotalQuantity SequenceData SequenceData )
[02/Aug/2016 16:52:17] ERROR [sequencelistings.util:166] 
/Users/ad/pyton/projects/st26proto/authoringtool/sequencelistings/testData/test8.xml
<string>:8:0:ERROR:VALID:DTD_CONTENT_MODEL: Element ST26SequenceListing content does not follow the DTD, expecting ((ApplicantFileReference | (ApplicationIdentification , ApplicantFileReference?)) , EarliestPriorityApplicationIdentification? , (ApplicantName , ApplicantNameLatin?)? , (InventorName , InventorNameLatin?)? , InventionTitle+ , SequenceTotalQuantity , SequenceData+), got (ApplicationIdentification ApplicantFileReference EarliestPriorityApplicationIdentification ApplicantName ApplicantNameLatin InventorName InventorNameLatin InventionTitle InventionTitle SequenceData SequenceData )
[02/Aug/2016 16:52:17] ERROR [sequencelistings.util:151] 
/Users/ad/pyton/projects/st26proto/authoringtool/sequencelistings/testData/test4.xml
Opening and ending tag mismatch: ApplicantNamex line 20 and ApplicantName, line 22, column 34
[02/Aug/2016 16:52:17] ERROR [sequencelistings.util:149] 
/Users/ad/pyton/projects/st26proto/authoringtool/sequencelistings/testData/test5.xml:103:0:ERROR:SCHEMASV:SCHEMAV_CVC_ENUMERATION_VALID: Element 'INSDFeature_key': [facet 'enumeration'] The value 'SOURCxE' is not an element of the set {'allele', 'attenuator', 'C_region', 'CAAT_signal', 'CDS', 'conflict', 'D-loop', 'D_segment', 'enhancer', 'exon', 'GC_signal', 'gene', 'iDNA', 'intron', 'J_segment', 'LTR', 'mat_peptide', 'misc_binding', 'misc_difference', 'misc_feature', 'misc_recomb', 'misc_RNA', 'misc_signal', 'misc_structure', 'modified_base', 'mRNA', 'mutation', 'N_region', 'old_sequence', 'polyA_signal', 'polyA_site', 'precursor_RNA', 'prim_transcript', 'primer_bind', 'promoter', 'protein_bind', 'RBS', 'repeat_region', 'repeat_unit', 'rep_origin', 'rRNA', 'S_region', 'satellite', 'scRNA', 'sig_peptide', 'snRNA', 'source', 'stem_loop', 'STS', 'TATA_signal', 'terminator', 'transit_peptide', 'tRNA', 'unsure', 'V_region', 'V_segment', 'variation', '3'clip', '3'UTR', '5'clip', '5'UTR', '-10_signal', '-35_signal', 'ACT_SITE', 'BINDING', 'CA_BIND', 'CARBOHYD', 'CHAIN', 'COILED', 'COMPBIAS', 'CONFLICT', 'CROSSLNK', 'DISULFID', 'DNA_BIND', 'DOMAIN', 'HELIX', 'INIT_MET', 'INTRAMEM', 'LIPID', 'METAL', 'MOD_RES', 'MOTIF', 'MUTAGEN', 'NON_STD', 'NON_TER', 'NP_BIND', 'PEPTIDE', 'PROPEP', 'REGION', 'REPEAT', 'SIGNAL', 'SITE', 'SOURCE', 'STRAND', 'TOPO_DOM', 'TRANSMEM', 'TRANSIT', 'TURN', 'UNSURE', 'VARIANT', 'VAR_SEQ', 'ZN_FING'}.
/Users/ad/pyton/projects/st26proto/authoringtool/sequencelistings/testData/test5.xml:103:0:ERROR:SCHEMASV:SCHEMAV_CVC_DATATYPE_VALID_1_2_1: Element 'INSDFeature_key': 'SOURCxE' is not a valid value of the atomic type 'featureKeyValue'.
[02/Aug/2016 16:52:17] ERROR [sequencelistings.util:149] 
/Users/ad/pyton/projects/st26proto/authoringtool/sequencelistings/testData/test8.xml:42:0:ERROR:SCHEMASV:SCHEMAV_ELEMENT_CONTENT: Element 'SequenceData': This element is not expected. Expected is ( EarliestPriorityApplicationIdentification ).
[02/Aug/2016 16:54:32] ERROR [sequencelistings.util:123] The residues string contains "(" but does not match formula pattern. Residues: ab(c.
[02/Aug/2016 16:54:32] ERROR [sequencelistings.util:123] The residues string contains "(" but does not match formula pattern. Residues: a(b9c.
[02/Aug/2016 16:54:32] ERROR [sequencelistings.util:168] 
/Users/ad/pyton/projects/st26proto/authoringtool/sequencelistings/testData/test6.xml
Opening and ending tag mismatch: ApplicantNamey line 21 and ApplicantName, line 23, column 34
[02/Aug/2016 16:54:32] ERROR [sequencelistings.util:166] 
/Users/ad/pyton/projects/st26proto/authoringtool/sequencelistings/testData/test7.xml
<string>:8:0:ERROR:VALID:DTD_CONTENT_MODEL: Element ST26SequenceListing content does not follow the DTD, expecting ((ApplicantFileReference | (ApplicationIdentification , ApplicantFileReference?)) , EarliestPriorityApplicationIdentification? , (ApplicantName , ApplicantNameLatin?)? , (InventorName , InventorNameLatin?)? , InventionTitle+ , SequenceTotalQuantity , SequenceData+), got (ApplicationIdentification ApplicantFileReference EarliestPriorityApplicationIdentification ApplicantsName ApplicantNameLatin InventorName InventorNameLatin InventionTitle InventionTitle SequenceTotalQuantity SequenceData SequenceData )
[02/Aug/2016 16:54:32] ERROR [sequencelistings.util:166] 
/Users/ad/pyton/projects/st26proto/authoringtool/sequencelistings/testData/test8.xml
<string>:8:0:ERROR:VALID:DTD_CONTENT_MODEL: Element ST26SequenceListing content does not follow the DTD, expecting ((ApplicantFileReference | (ApplicationIdentification , ApplicantFileReference?)) , EarliestPriorityApplicationIdentification? , (ApplicantName , ApplicantNameLatin?)? , (InventorName , InventorNameLatin?)? , InventionTitle+ , SequenceTotalQuantity , SequenceData+), got (ApplicationIdentification ApplicantFileReference EarliestPriorityApplicationIdentification ApplicantName ApplicantNameLatin InventorName InventorNameLatin InventionTitle InventionTitle SequenceData SequenceData )
[02/Aug/2016 16:54:32] ERROR [sequencelistings.util:151] 
/Users/ad/pyton/projects/st26proto/authoringtool/sequencelistings/testData/test4.xml
Opening and ending tag mismatch: ApplicantNamex line 20 and ApplicantName, line 22, column 34
[02/Aug/2016 16:54:32] ERROR [sequencelistings.util:149] 
/Users/ad/pyton/projects/st26proto/authoringtool/sequencelistings/testData/test5.xml:103:0:ERROR:SCHEMASV:SCHEMAV_CVC_ENUMERATION_VALID: Element 'INSDFeature_key': [facet 'enumeration'] The value 'SOURCxE' is not an element of the set {'allele', 'attenuator', 'C_region', 'CAAT_signal', 'CDS', 'conflict', 'D-loop', 'D_segment', 'enhancer', 'exon', 'GC_signal', 'gene', 'iDNA', 'intron', 'J_segment', 'LTR', 'mat_peptide', 'misc_binding', 'misc_difference', 'misc_feature', 'misc_recomb', 'misc_RNA', 'misc_signal', 'misc_structure', 'modified_base', 'mRNA', 'mutation', 'N_region', 'old_sequence', 'polyA_signal', 'polyA_site', 'precursor_RNA', 'prim_transcript', 'primer_bind', 'promoter', 'protein_bind', 'RBS', 'repeat_region', 'repeat_unit', 'rep_origin', 'rRNA', 'S_region', 'satellite', 'scRNA', 'sig_peptide', 'snRNA', 'source', 'stem_loop', 'STS', 'TATA_signal', 'terminator', 'transit_peptide', 'tRNA', 'unsure', 'V_region', 'V_segment', 'variation', '3'clip', '3'UTR', '5'clip', '5'UTR', '-10_signal', '-35_signal', 'ACT_SITE', 'BINDING', 'CA_BIND', 'CARBOHYD', 'CHAIN', 'COILED', 'COMPBIAS', 'CONFLICT', 'CROSSLNK', 'DISULFID', 'DNA_BIND', 'DOMAIN', 'HELIX', 'INIT_MET', 'INTRAMEM', 'LIPID', 'METAL', 'MOD_RES', 'MOTIF', 'MUTAGEN', 'NON_STD', 'NON_TER', 'NP_BIND', 'PEPTIDE', 'PROPEP', 'REGION', 'REPEAT', 'SIGNAL', 'SITE', 'SOURCE', 'STRAND', 'TOPO_DOM', 'TRANSMEM', 'TRANSIT', 'TURN', 'UNSURE', 'VARIANT', 'VAR_SEQ', 'ZN_FING'}.
/Users/ad/pyton/projects/st26proto/authoringtool/sequencelistings/testData/test5.xml:103:0:ERROR:SCHEMASV:SCHEMAV_CVC_DATATYPE_VALID_1_2_1: Element 'INSDFeature_key': 'SOURCxE' is not a valid value of the atomic type 'featureKeyValue'.
[02/Aug/2016 16:54:32] ERROR [sequencelistings.util:149] 
/Users/ad/pyton/projects/st26proto/authoringtool/sequencelistings/testData/test8.xml:42:0:ERROR:SCHEMASV:SCHEMAV_ELEMENT_CONTENT: Element 'SequenceData': This element is not expected. Expected is ( EarliestPriorityApplicationIdentification ).
[02/Aug/2016 16:54:51] WARNING [django.request:143] Not Found: /static/sequencelistings/output/resources/style.css
[02/Aug/2016 16:54:51] WARNING [django.request:143] Not Found: /static/images/rango.jpg
[02/Aug/2016 16:54:55] WARNING [django.request:143] Not Found: /static/sequencelistings/output/resources/style.css
[02/Aug/2016 16:54:58] WARNING [django.request:143] Not Found: /static/sequencelistings/output/resources/style.css
[02/Aug/2016 16:54:59] WARNING [django.request:143] Not Found: /static/sequencelistings/output/resources/style.css
[02/Aug/2016 16:54:59] WARNING [django.request:143] Not Found: /static/sequencelistings/output/resources/style.css
[02/Aug/2016 16:55:00] WARNING [django.request:143] Not Found: /static/sequencelistings/output/resources/style.css
[02/Aug/2016 16:55:01] WARNING [django.request:143] Not Found: /static/sequencelistings/output/resources/style.css
[02/Aug/2016 16:55:04] WARNING [django.request:143] Not Found: /static/sequencelistings/output/resources/style.css
[02/Aug/2016 16:55:11] WARNING [django.request:143] Not Found: /static/sequencelistings/output/resources/style.css
[02/Aug/2016 16:55:13] WARNING [django.request:143] Not Found: /static/sequencelistings/output/resources/style.css
[02/Aug/2016 16:55:13] WARNING [django.request:143] Not Found: /static/sequencelistings/output/resources/style.css
[02/Aug/2016 16:55:18] ERROR [sequencelistings.util:123] The residues string contains "(" but does not match formula pattern. Residues: ab(c.
[02/Aug/2016 16:55:18] ERROR [sequencelistings.util:123] The residues string contains "(" but does not match formula pattern. Residues: a(b9c.
[02/Aug/2016 16:55:18] ERROR [sequencelistings.util:168] 
/Users/ad/pyton/projects/st26proto/authoringtool/sequencelistings/testData/test6.xml
Opening and ending tag mismatch: ApplicantNamey line 21 and ApplicantName, line 23, column 34
[02/Aug/2016 16:55:18] ERROR [sequencelistings.util:166] 
/Users/ad/pyton/projects/st26proto/authoringtool/sequencelistings/testData/test7.xml
<string>:8:0:ERROR:VALID:DTD_CONTENT_MODEL: Element ST26SequenceListing content does not follow the DTD, expecting ((ApplicantFileReference | (ApplicationIdentification , ApplicantFileReference?)) , EarliestPriorityApplicationIdentification? , (ApplicantName , ApplicantNameLatin?)? , (InventorName , InventorNameLatin?)? , InventionTitle+ , SequenceTotalQuantity , SequenceData+), got (ApplicationIdentification ApplicantFileReference EarliestPriorityApplicationIdentification ApplicantsName ApplicantNameLatin InventorName InventorNameLatin InventionTitle InventionTitle SequenceTotalQuantity SequenceData SequenceData )
[02/Aug/2016 16:55:18] ERROR [sequencelistings.util:166] 
/Users/ad/pyton/projects/st26proto/authoringtool/sequencelistings/testData/test8.xml
<string>:8:0:ERROR:VALID:DTD_CONTENT_MODEL: Element ST26SequenceListing content does not follow the DTD, expecting ((ApplicantFileReference | (ApplicationIdentification , ApplicantFileReference?)) , EarliestPriorityApplicationIdentification? , (ApplicantName , ApplicantNameLatin?)? , (InventorName , InventorNameLatin?)? , InventionTitle+ , SequenceTotalQuantity , SequenceData+), got (ApplicationIdentification ApplicantFileReference EarliestPriorityApplicationIdentification ApplicantName ApplicantNameLatin InventorName InventorNameLatin InventionTitle InventionTitle SequenceData SequenceData )
[02/Aug/2016 16:55:18] ERROR [sequencelistings.util:151] 
/Users/ad/pyton/projects/st26proto/authoringtool/sequencelistings/testData/test4.xml
Opening and ending tag mismatch: ApplicantNamex line 20 and ApplicantName, line 22, column 34
[02/Aug/2016 16:55:18] ERROR [sequencelistings.util:149] 
/Users/ad/pyton/projects/st26proto/authoringtool/sequencelistings/testData/test5.xml:103:0:ERROR:SCHEMASV:SCHEMAV_CVC_ENUMERATION_VALID: Element 'INSDFeature_key': [facet 'enumeration'] The value 'SOURCxE' is not an element of the set {'allele', 'attenuator', 'C_region', 'CAAT_signal', 'CDS', 'conflict', 'D-loop', 'D_segment', 'enhancer', 'exon', 'GC_signal', 'gene', 'iDNA', 'intron', 'J_segment', 'LTR', 'mat_peptide', 'misc_binding', 'misc_difference', 'misc_feature', 'misc_recomb', 'misc_RNA', 'misc_signal', 'misc_structure', 'modified_base', 'mRNA', 'mutation', 'N_region', 'old_sequence', 'polyA_signal', 'polyA_site', 'precursor_RNA', 'prim_transcript', 'primer_bind', 'promoter', 'protein_bind', 'RBS', 'repeat_region', 'repeat_unit', 'rep_origin', 'rRNA', 'S_region', 'satellite', 'scRNA', 'sig_peptide', 'snRNA', 'source', 'stem_loop', 'STS', 'TATA_signal', 'terminator', 'transit_peptide', 'tRNA', 'unsure', 'V_region', 'V_segment', 'variation', '3'clip', '3'UTR', '5'clip', '5'UTR', '-10_signal', '-35_signal', 'ACT_SITE', 'BINDING', 'CA_BIND', 'CARBOHYD', 'CHAIN', 'COILED', 'COMPBIAS', 'CONFLICT', 'CROSSLNK', 'DISULFID', 'DNA_BIND', 'DOMAIN', 'HELIX', 'INIT_MET', 'INTRAMEM', 'LIPID', 'METAL', 'MOD_RES', 'MOTIF', 'MUTAGEN', 'NON_STD', 'NON_TER', 'NP_BIND', 'PEPTIDE', 'PROPEP', 'REGION', 'REPEAT', 'SIGNAL', 'SITE', 'SOURCE', 'STRAND', 'TOPO_DOM', 'TRANSMEM', 'TRANSIT', 'TURN', 'UNSURE', 'VARIANT', 'VAR_SEQ', 'ZN_FING'}.
/Users/ad/pyton/projects/st26proto/authoringtool/sequencelistings/testData/test5.xml:103:0:ERROR:SCHEMASV:SCHEMAV_CVC_DATATYPE_VALID_1_2_1: Element 'INSDFeature_key': 'SOURCxE' is not a valid value of the atomic type 'featureKeyValue'.
[02/Aug/2016 16:55:18] ERROR [sequencelistings.util:149] 
/Users/ad/pyton/projects/st26proto/authoringtool/sequencelistings/testData/test8.xml:42:0:ERROR:SCHEMASV:SCHEMAV_ELEMENT_CONTENT: Element 'SequenceData': This element is not expected. Expected is ( EarliestPriorityApplicationIdentification ).
[02/Aug/2016 17:01:46] WARNING [django.request:143] Not Found: /static/sequencelistings/output/resources/style.css
[02/Aug/2016 17:01:46] WARNING [django.request:143] Not Found: /static/images/rango.jpg
[02/Aug/2016 17:01:50] WARNING [django.request:143] Not Found: /static/sequencelistings/output/resources/style.css
[02/Aug/2016 17:01:53] WARNING [django.request:143] Not Found: /static/sequencelistings/output/resources/style.css
[02/Aug/2016 17:01:54] WARNING [django.request:143] Not Found: /static/sequencelistings/output/resources/style.css
[02/Aug/2016 17:01:54] WARNING [django.request:143] Not Found: /static/sequencelistings/output/resources/style.css
[02/Aug/2016 17:01:55] WARNING [django.request:143] Not Found: /static/sequencelistings/output/resources/style.css
[02/Aug/2016 17:01:56] WARNING [django.request:143] Not Found: /static/sequencelistings/output/resources/style.css
[02/Aug/2016 17:01:59] WARNING [django.request:143] Not Found: /static/sequencelistings/output/resources/style.css
[02/Aug/2016 17:02:03] WARNING [django.request:143] Not Found: /static/sequencelistings/output/resources/style.css
[02/Aug/2016 17:02:04] WARNING [django.request:143] Not Found: /static/sequencelistings/output/resources/style.css
[02/Aug/2016 17:02:04] WARNING [django.request:143] Not Found: /static/sequencelistings/output/resources/style.css
[02/Aug/2016 17:02:05] WARNING [django.request:143] Not Found: /static/sequencelistings/output/resources/style.css
[02/Aug/2016 17:02:05] WARNING [django.request:143] Not Found: /static/sequencelistings/output/resources/style.css
[02/Aug/2016 17:02:09] WARNING [django.request:143] Not Found: /static/sequencelistings/output/resources/style.css
[02/Aug/2016 17:02:16] WARNING [django.request:143] Not Found: /static/sequencelistings/output/resources/style.css
[02/Aug/2016 17:02:17] WARNING [django.request:143] Not Found: /static/sequencelistings/output/resources/style.css
[02/Aug/2016 17:02:17] WARNING [django.request:143] Not Found: /static/sequencelistings/output/resources/style.css
[02/Aug/2016 17:05:33] WARNING [django.request:143] Not Found: /static/sequencelistings/output/resources/style.css
[02/Aug/2016 17:05:34] WARNING [django.request:143] Not Found: /static/images/rango.jpg
[02/Aug/2016 17:05:37] WARNING [django.request:143] Not Found: /static/sequencelistings/output/resources/style.css
[02/Aug/2016 17:05:41] WARNING [django.request:143] Not Found: /static/sequencelistings/output/resources/style.css
[02/Aug/2016 17:05:42] WARNING [django.request:143] Not Found: /static/sequencelistings/output/resources/style.css
[02/Aug/2016 17:05:42] WARNING [django.request:143] Not Found: /static/sequencelistings/output/resources/style.css
[02/Aug/2016 17:05:43] WARNING [django.request:143] Not Found: /static/sequencelistings/output/resources/style.css
[02/Aug/2016 17:05:43] WARNING [django.request:143] Not Found: /static/sequencelistings/output/resources/style.css
[02/Aug/2016 17:05:47] WARNING [django.request:143] Not Found: /static/sequencelistings/output/resources/style.css
[02/Aug/2016 17:05:50] WARNING [django.request:143] Not Found: /static/sequencelistings/output/resources/style.css
[02/Aug/2016 17:05:51] WARNING [django.request:143] Not Found: /static/sequencelistings/output/resources/style.css
[02/Aug/2016 17:05:51] WARNING [django.request:143] Not Found: /static/sequencelistings/output/resources/style.css
[02/Aug/2016 17:05:52] WARNING [django.request:143] Not Found: /static/sequencelistings/output/resources/style.css
[02/Aug/2016 17:05:53] WARNING [django.request:143] Not Found: /static/sequencelistings/output/resources/style.css
[02/Aug/2016 17:05:56] WARNING [django.request:143] Not Found: /static/sequencelistings/output/resources/style.css
[02/Aug/2016 17:06:03] WARNING [django.request:143] Not Found: /static/sequencelistings/output/resources/style.css
[02/Aug/2016 17:06:04] WARNING [django.request:143] Not Found: /static/sequencelistings/output/resources/style.css
[02/Aug/2016 17:06:05] WARNING [django.request:143] Not Found: /static/sequencelistings/output/resources/style.css
[02/Aug/2016 17:06:10] ERROR [sequencelistings.util:123] The residues string contains "(" but does not match formula pattern. Residues: ab(c.
[02/Aug/2016 17:06:10] ERROR [sequencelistings.util:123] The residues string contains "(" but does not match formula pattern. Residues: a(b9c.
[02/Aug/2016 17:06:10] ERROR [sequencelistings.util:168] 
/Users/ad/pyton/projects/st26proto/authoringtool/sequencelistings/testData/test6.xml
Opening and ending tag mismatch: ApplicantNamey line 21 and ApplicantName, line 23, column 34
[02/Aug/2016 17:06:10] ERROR [sequencelistings.util:166] 
/Users/ad/pyton/projects/st26proto/authoringtool/sequencelistings/testData/test7.xml
<string>:8:0:ERROR:VALID:DTD_CONTENT_MODEL: Element ST26SequenceListing content does not follow the DTD, expecting ((ApplicantFileReference | (ApplicationIdentification , ApplicantFileReference?)) , EarliestPriorityApplicationIdentification? , (ApplicantName , ApplicantNameLatin?)? , (InventorName , InventorNameLatin?)? , InventionTitle+ , SequenceTotalQuantity , SequenceData+), got (ApplicationIdentification ApplicantFileReference EarliestPriorityApplicationIdentification ApplicantsName ApplicantNameLatin InventorName InventorNameLatin InventionTitle InventionTitle SequenceTotalQuantity SequenceData SequenceData )
[02/Aug/2016 17:06:10] ERROR [sequencelistings.util:166] 
/Users/ad/pyton/projects/st26proto/authoringtool/sequencelistings/testData/test8.xml
<string>:8:0:ERROR:VALID:DTD_CONTENT_MODEL: Element ST26SequenceListing content does not follow the DTD, expecting ((ApplicantFileReference | (ApplicationIdentification , ApplicantFileReference?)) , EarliestPriorityApplicationIdentification? , (ApplicantName , ApplicantNameLatin?)? , (InventorName , InventorNameLatin?)? , InventionTitle+ , SequenceTotalQuantity , SequenceData+), got (ApplicationIdentification ApplicantFileReference EarliestPriorityApplicationIdentification ApplicantName ApplicantNameLatin InventorName InventorNameLatin InventionTitle InventionTitle SequenceData SequenceData )
[02/Aug/2016 17:06:10] ERROR [sequencelistings.util:151] 
/Users/ad/pyton/projects/st26proto/authoringtool/sequencelistings/testData/test4.xml
Opening and ending tag mismatch: ApplicantNamex line 20 and ApplicantName, line 22, column 34
[02/Aug/2016 17:06:10] ERROR [sequencelistings.util:149] 
/Users/ad/pyton/projects/st26proto/authoringtool/sequencelistings/testData/test5.xml:103:0:ERROR:SCHEMASV:SCHEMAV_CVC_ENUMERATION_VALID: Element 'INSDFeature_key': [facet 'enumeration'] The value 'SOURCxE' is not an element of the set {'allele', 'attenuator', 'C_region', 'CAAT_signal', 'CDS', 'conflict', 'D-loop', 'D_segment', 'enhancer', 'exon', 'GC_signal', 'gene', 'iDNA', 'intron', 'J_segment', 'LTR', 'mat_peptide', 'misc_binding', 'misc_difference', 'misc_feature', 'misc_recomb', 'misc_RNA', 'misc_signal', 'misc_structure', 'modified_base', 'mRNA', 'mutation', 'N_region', 'old_sequence', 'polyA_signal', 'polyA_site', 'precursor_RNA', 'prim_transcript', 'primer_bind', 'promoter', 'protein_bind', 'RBS', 'repeat_region', 'repeat_unit', 'rep_origin', 'rRNA', 'S_region', 'satellite', 'scRNA', 'sig_peptide', 'snRNA', 'source', 'stem_loop', 'STS', 'TATA_signal', 'terminator', 'transit_peptide', 'tRNA', 'unsure', 'V_region', 'V_segment', 'variation', '3'clip', '3'UTR', '5'clip', '5'UTR', '-10_signal', '-35_signal', 'ACT_SITE', 'BINDING', 'CA_BIND', 'CARBOHYD', 'CHAIN', 'COILED', 'COMPBIAS', 'CONFLICT', 'CROSSLNK', 'DISULFID', 'DNA_BIND', 'DOMAIN', 'HELIX', 'INIT_MET', 'INTRAMEM', 'LIPID', 'METAL', 'MOD_RES', 'MOTIF', 'MUTAGEN', 'NON_STD', 'NON_TER', 'NP_BIND', 'PEPTIDE', 'PROPEP', 'REGION', 'REPEAT', 'SIGNAL', 'SITE', 'SOURCE', 'STRAND', 'TOPO_DOM', 'TRANSMEM', 'TRANSIT', 'TURN', 'UNSURE', 'VARIANT', 'VAR_SEQ', 'ZN_FING'}.
/Users/ad/pyton/projects/st26proto/authoringtool/sequencelistings/testData/test5.xml:103:0:ERROR:SCHEMASV:SCHEMAV_CVC_DATATYPE_VALID_1_2_1: Element 'INSDFeature_key': 'SOURCxE' is not a valid value of the atomic type 'featureKeyValue'.
[02/Aug/2016 17:06:10] ERROR [sequencelistings.util:149] 
/Users/ad/pyton/projects/st26proto/authoringtool/sequencelistings/testData/test8.xml:42:0:ERROR:SCHEMASV:SCHEMAV_ELEMENT_CONTENT: Element 'SequenceData': This element is not expected. Expected is ( EarliestPriorityApplicationIdentification ).
[02/Aug/2016 17:14:10] WARNING [django.request:143] Not Found: /static/sequencelistings/output/resources/style.css
[02/Aug/2016 17:14:12] WARNING [django.request:143] Not Found: /static/images/rango.jpg
[02/Aug/2016 17:14:15] WARNING [django.request:143] Not Found: /static/sequencelistings/output/resources/style.css
[02/Aug/2016 17:14:19] WARNING [django.request:143] Not Found: /static/sequencelistings/output/resources/style.css
[02/Aug/2016 17:14:19] WARNING [django.request:143] Not Found: /static/sequencelistings/output/resources/style.css
[02/Aug/2016 17:14:20] WARNING [django.request:143] Not Found: /static/sequencelistings/output/resources/style.css
[02/Aug/2016 17:14:21] WARNING [django.request:143] Not Found: /static/sequencelistings/output/resources/style.css
[02/Aug/2016 17:14:21] WARNING [django.request:143] Not Found: /static/sequencelistings/output/resources/style.css
[02/Aug/2016 17:14:25] WARNING [django.request:143] Not Found: /static/sequencelistings/output/resources/style.css
[02/Aug/2016 17:14:28] WARNING [django.request:143] Not Found: /static/sequencelistings/output/resources/style.css
[02/Aug/2016 17:14:29] WARNING [django.request:143] Not Found: /static/sequencelistings/output/resources/style.css
[02/Aug/2016 17:14:29] WARNING [django.request:143] Not Found: /static/sequencelistings/output/resources/style.css
[02/Aug/2016 17:14:31] WARNING [django.request:143] Not Found: /static/sequencelistings/output/resources/style.css
[02/Aug/2016 17:14:31] WARNING [django.request:143] Not Found: /static/sequencelistings/output/resources/style.css
[02/Aug/2016 17:14:35] WARNING [django.request:143] Not Found: /static/sequencelistings/output/resources/style.css
[02/Aug/2016 17:14:42] WARNING [django.request:143] Not Found: /static/sequencelistings/output/resources/style.css
[02/Aug/2016 17:14:43] WARNING [django.request:143] Not Found: /static/sequencelistings/output/resources/style.css
[02/Aug/2016 17:14:43] WARNING [django.request:143] Not Found: /static/sequencelistings/output/resources/style.css
[02/Aug/2016 17:14:44] ERROR [sequencelistings.util:166] 
/Users/ad/pyton/projects/st26proto/authoringtool/seql_converter/test/output/file1_ST26.xml
<string>:8:0:ERROR:VALID:DTD_CONTENT_MODEL: Element ST26SequenceListing content does not follow the DTD, expecting ((ApplicantFileReference | (ApplicationIdentification , ApplicantFileReference?)) , EarliestPriorityApplicationIdentification? , (ApplicantName , ApplicantNameLatin?)? , (InventorName , InventorNameLatin?)? , InventionTitle+ , SequenceTotalQuantity , SequenceData+), got (ApplicationIdentification ApplicantFileReference EarliestPriorityApplicationIdentification ApplicantName ApplicantNameLatin InventorName InventorNameLatin SequenceTotalQuantity )
[02/Aug/2016 17:14:49] ERROR [sequencelistings.util:123] The residues string contains "(" but does not match formula pattern. Residues: ab(c.
[02/Aug/2016 17:14:49] ERROR [sequencelistings.util:123] The residues string contains "(" but does not match formula pattern. Residues: a(b9c.
[02/Aug/2016 17:14:49] ERROR [sequencelistings.util:168] 
/Users/ad/pyton/projects/st26proto/authoringtool/sequencelistings/testData/test6.xml
Opening and ending tag mismatch: ApplicantNamey line 21 and ApplicantName, line 23, column 34
[02/Aug/2016 17:14:49] ERROR [sequencelistings.util:166] 
/Users/ad/pyton/projects/st26proto/authoringtool/sequencelistings/testData/test7.xml
<string>:8:0:ERROR:VALID:DTD_CONTENT_MODEL: Element ST26SequenceListing content does not follow the DTD, expecting ((ApplicantFileReference | (ApplicationIdentification , ApplicantFileReference?)) , EarliestPriorityApplicationIdentification? , (ApplicantName , ApplicantNameLatin?)? , (InventorName , InventorNameLatin?)? , InventionTitle+ , SequenceTotalQuantity , SequenceData+), got (ApplicationIdentification ApplicantFileReference EarliestPriorityApplicationIdentification ApplicantsName ApplicantNameLatin InventorName InventorNameLatin InventionTitle InventionTitle SequenceTotalQuantity SequenceData SequenceData )
[02/Aug/2016 17:14:49] ERROR [sequencelistings.util:166] 
/Users/ad/pyton/projects/st26proto/authoringtool/sequencelistings/testData/test8.xml
<string>:8:0:ERROR:VALID:DTD_CONTENT_MODEL: Element ST26SequenceListing content does not follow the DTD, expecting ((ApplicantFileReference | (ApplicationIdentification , ApplicantFileReference?)) , EarliestPriorityApplicationIdentification? , (ApplicantName , ApplicantNameLatin?)? , (InventorName , InventorNameLatin?)? , InventionTitle+ , SequenceTotalQuantity , SequenceData+), got (ApplicationIdentification ApplicantFileReference EarliestPriorityApplicationIdentification ApplicantName ApplicantNameLatin InventorName InventorNameLatin InventionTitle InventionTitle SequenceData SequenceData )
[02/Aug/2016 17:14:49] ERROR [sequencelistings.util:151] 
/Users/ad/pyton/projects/st26proto/authoringtool/sequencelistings/testData/test4.xml
Opening and ending tag mismatch: ApplicantNamex line 20 and ApplicantName, line 22, column 34
[02/Aug/2016 17:14:49] ERROR [sequencelistings.util:149] 
/Users/ad/pyton/projects/st26proto/authoringtool/sequencelistings/testData/test5.xml:103:0:ERROR:SCHEMASV:SCHEMAV_CVC_ENUMERATION_VALID: Element 'INSDFeature_key': [facet 'enumeration'] The value 'SOURCxE' is not an element of the set {'allele', 'attenuator', 'C_region', 'CAAT_signal', 'CDS', 'conflict', 'D-loop', 'D_segment', 'enhancer', 'exon', 'GC_signal', 'gene', 'iDNA', 'intron', 'J_segment', 'LTR', 'mat_peptide', 'misc_binding', 'misc_difference', 'misc_feature', 'misc_recomb', 'misc_RNA', 'misc_signal', 'misc_structure', 'modified_base', 'mRNA', 'mutation', 'N_region', 'old_sequence', 'polyA_signal', 'polyA_site', 'precursor_RNA', 'prim_transcript', 'primer_bind', 'promoter', 'protein_bind', 'RBS', 'repeat_region', 'repeat_unit', 'rep_origin', 'rRNA', 'S_region', 'satellite', 'scRNA', 'sig_peptide', 'snRNA', 'source', 'stem_loop', 'STS', 'TATA_signal', 'terminator', 'transit_peptide', 'tRNA', 'unsure', 'V_region', 'V_segment', 'variation', '3'clip', '3'UTR', '5'clip', '5'UTR', '-10_signal', '-35_signal', 'ACT_SITE', 'BINDING', 'CA_BIND', 'CARBOHYD', 'CHAIN', 'COILED', 'COMPBIAS', 'CONFLICT', 'CROSSLNK', 'DISULFID', 'DNA_BIND', 'DOMAIN', 'HELIX', 'INIT_MET', 'INTRAMEM', 'LIPID', 'METAL', 'MOD_RES', 'MOTIF', 'MUTAGEN', 'NON_STD', 'NON_TER', 'NP_BIND', 'PEPTIDE', 'PROPEP', 'REGION', 'REPEAT', 'SIGNAL', 'SITE', 'SOURCE', 'STRAND', 'TOPO_DOM', 'TRANSMEM', 'TRANSIT', 'TURN', 'UNSURE', 'VARIANT', 'VAR_SEQ', 'ZN_FING'}.
/Users/ad/pyton/projects/st26proto/authoringtool/sequencelistings/testData/test5.xml:103:0:ERROR:SCHEMASV:SCHEMAV_CVC_DATATYPE_VALID_1_2_1: Element 'INSDFeature_key': 'SOURCxE' is not a valid value of the atomic type 'featureKeyValue'.
[02/Aug/2016 17:14:49] ERROR [sequencelistings.util:149] 
/Users/ad/pyton/projects/st26proto/authoringtool/sequencelistings/testData/test8.xml:42:0:ERROR:SCHEMASV:SCHEMAV_ELEMENT_CONTENT: Element 'SequenceData': This element is not expected. Expected is ( EarliestPriorityApplicationIdentification ).
[02/Aug/2016 17:16:44] WARNING [django.request:143] Not Found: /static/sequencelistings/output/resources/style.css
[02/Aug/2016 17:16:44] WARNING [django.request:143] Not Found: /static/images/rango.jpg
[02/Aug/2016 17:16:48] WARNING [django.request:143] Not Found: /static/sequencelistings/output/resources/style.css
[02/Aug/2016 17:16:51] WARNING [django.request:143] Not Found: /static/sequencelistings/output/resources/style.css
[02/Aug/2016 17:16:52] WARNING [django.request:143] Not Found: /static/sequencelistings/output/resources/style.css
[02/Aug/2016 17:16:53] WARNING [django.request:143] Not Found: /static/sequencelistings/output/resources/style.css
[02/Aug/2016 17:16:54] WARNING [django.request:143] Not Found: /static/sequencelistings/output/resources/style.css
[02/Aug/2016 17:16:54] WARNING [django.request:143] Not Found: /static/sequencelistings/output/resources/style.css
[02/Aug/2016 17:16:58] WARNING [django.request:143] Not Found: /static/sequencelistings/output/resources/style.css
[02/Aug/2016 17:17:01] WARNING [django.request:143] Not Found: /static/sequencelistings/output/resources/style.css
[02/Aug/2016 17:17:02] WARNING [django.request:143] Not Found: /static/sequencelistings/output/resources/style.css
[02/Aug/2016 17:17:03] WARNING [django.request:143] Not Found: /static/sequencelistings/output/resources/style.css
[02/Aug/2016 17:17:04] WARNING [django.request:143] Not Found: /static/sequencelistings/output/resources/style.css
[02/Aug/2016 17:17:05] WARNING [django.request:143] Not Found: /static/sequencelistings/output/resources/style.css
[02/Aug/2016 17:17:08] WARNING [django.request:143] Not Found: /static/sequencelistings/output/resources/style.css
[02/Aug/2016 17:17:15] WARNING [django.request:143] Not Found: /static/sequencelistings/output/resources/style.css
[02/Aug/2016 17:17:16] WARNING [django.request:143] Not Found: /static/sequencelistings/output/resources/style.css
[02/Aug/2016 17:17:16] WARNING [django.request:143] Not Found: /static/sequencelistings/output/resources/style.css
[02/Aug/2016 17:17:22] ERROR [sequencelistings.util:123] The residues string contains "(" but does not match formula pattern. Residues: ab(c.
[02/Aug/2016 17:17:22] ERROR [sequencelistings.util:123] The residues string contains "(" but does not match formula pattern. Residues: a(b9c.
[02/Aug/2016 17:17:22] ERROR [sequencelistings.util:168] 
/Users/ad/pyton/projects/st26proto/authoringtool/sequencelistings/testData/test6.xml
Opening and ending tag mismatch: ApplicantNamey line 21 and ApplicantName, line 23, column 34
[02/Aug/2016 17:17:22] ERROR [sequencelistings.util:166] 
/Users/ad/pyton/projects/st26proto/authoringtool/sequencelistings/testData/test7.xml
<string>:8:0:ERROR:VALID:DTD_CONTENT_MODEL: Element ST26SequenceListing content does not follow the DTD, expecting ((ApplicantFileReference | (ApplicationIdentification , ApplicantFileReference?)) , EarliestPriorityApplicationIdentification? , (ApplicantName , ApplicantNameLatin?)? , (InventorName , InventorNameLatin?)? , InventionTitle+ , SequenceTotalQuantity , SequenceData+), got (ApplicationIdentification ApplicantFileReference EarliestPriorityApplicationIdentification ApplicantsName ApplicantNameLatin InventorName InventorNameLatin InventionTitle InventionTitle SequenceTotalQuantity SequenceData SequenceData )
[02/Aug/2016 17:17:22] ERROR [sequencelistings.util:166] 
/Users/ad/pyton/projects/st26proto/authoringtool/sequencelistings/testData/test8.xml
<string>:8:0:ERROR:VALID:DTD_CONTENT_MODEL: Element ST26SequenceListing content does not follow the DTD, expecting ((ApplicantFileReference | (ApplicationIdentification , ApplicantFileReference?)) , EarliestPriorityApplicationIdentification? , (ApplicantName , ApplicantNameLatin?)? , (InventorName , InventorNameLatin?)? , InventionTitle+ , SequenceTotalQuantity , SequenceData+), got (ApplicationIdentification ApplicantFileReference EarliestPriorityApplicationIdentification ApplicantName ApplicantNameLatin InventorName InventorNameLatin InventionTitle InventionTitle SequenceData SequenceData )
[02/Aug/2016 17:17:22] ERROR [sequencelistings.util:151] 
/Users/ad/pyton/projects/st26proto/authoringtool/sequencelistings/testData/test4.xml
Opening and ending tag mismatch: ApplicantNamex line 20 and ApplicantName, line 22, column 34
[02/Aug/2016 17:17:22] ERROR [sequencelistings.util:149] 
/Users/ad/pyton/projects/st26proto/authoringtool/sequencelistings/testData/test5.xml:103:0:ERROR:SCHEMASV:SCHEMAV_CVC_ENUMERATION_VALID: Element 'INSDFeature_key': [facet 'enumeration'] The value 'SOURCxE' is not an element of the set {'allele', 'attenuator', 'C_region', 'CAAT_signal', 'CDS', 'conflict', 'D-loop', 'D_segment', 'enhancer', 'exon', 'GC_signal', 'gene', 'iDNA', 'intron', 'J_segment', 'LTR', 'mat_peptide', 'misc_binding', 'misc_difference', 'misc_feature', 'misc_recomb', 'misc_RNA', 'misc_signal', 'misc_structure', 'modified_base', 'mRNA', 'mutation', 'N_region', 'old_sequence', 'polyA_signal', 'polyA_site', 'precursor_RNA', 'prim_transcript', 'primer_bind', 'promoter', 'protein_bind', 'RBS', 'repeat_region', 'repeat_unit', 'rep_origin', 'rRNA', 'S_region', 'satellite', 'scRNA', 'sig_peptide', 'snRNA', 'source', 'stem_loop', 'STS', 'TATA_signal', 'terminator', 'transit_peptide', 'tRNA', 'unsure', 'V_region', 'V_segment', 'variation', '3'clip', '3'UTR', '5'clip', '5'UTR', '-10_signal', '-35_signal', 'ACT_SITE', 'BINDING', 'CA_BIND', 'CARBOHYD', 'CHAIN', 'COILED', 'COMPBIAS', 'CONFLICT', 'CROSSLNK', 'DISULFID', 'DNA_BIND', 'DOMAIN', 'HELIX', 'INIT_MET', 'INTRAMEM', 'LIPID', 'METAL', 'MOD_RES', 'MOTIF', 'MUTAGEN', 'NON_STD', 'NON_TER', 'NP_BIND', 'PEPTIDE', 'PROPEP', 'REGION', 'REPEAT', 'SIGNAL', 'SITE', 'SOURCE', 'STRAND', 'TOPO_DOM', 'TRANSMEM', 'TRANSIT', 'TURN', 'UNSURE', 'VARIANT', 'VAR_SEQ', 'ZN_FING'}.
/Users/ad/pyton/projects/st26proto/authoringtool/sequencelistings/testData/test5.xml:103:0:ERROR:SCHEMASV:SCHEMAV_CVC_DATATYPE_VALID_1_2_1: Element 'INSDFeature_key': 'SOURCxE' is not a valid value of the atomic type 'featureKeyValue'.
[02/Aug/2016 17:17:22] ERROR [sequencelistings.util:149] 
/Users/ad/pyton/projects/st26proto/authoringtool/sequencelistings/testData/test8.xml:42:0:ERROR:SCHEMASV:SCHEMAV_ELEMENT_CONTENT: Element 'SequenceData': This element is not expected. Expected is ( EarliestPriorityApplicationIdentification ).
[02/Aug/2016 17:21:03] WARNING [django.request:143] Not Found: /static/sequencelistings/output/resources/style.css
[02/Aug/2016 17:21:03] WARNING [django.request:143] Not Found: /static/images/rango.jpg
[02/Aug/2016 17:21:07] WARNING [django.request:143] Not Found: /static/sequencelistings/output/resources/style.css
[02/Aug/2016 17:21:11] WARNING [django.request:143] Not Found: /static/sequencelistings/output/resources/style.css
[02/Aug/2016 17:21:12] WARNING [django.request:143] Not Found: /static/sequencelistings/output/resources/style.css
[02/Aug/2016 17:21:12] WARNING [django.request:143] Not Found: /static/sequencelistings/output/resources/style.css
[02/Aug/2016 17:21:13] WARNING [django.request:143] Not Found: /static/sequencelistings/output/resources/style.css
[02/Aug/2016 17:21:13] WARNING [django.request:143] Not Found: /static/sequencelistings/output/resources/style.css
[02/Aug/2016 17:21:17] WARNING [django.request:143] Not Found: /static/sequencelistings/output/resources/style.css
[02/Aug/2016 17:21:20] WARNING [django.request:143] Not Found: /static/sequencelistings/output/resources/style.css
[02/Aug/2016 17:21:21] WARNING [django.request:143] Not Found: /static/sequencelistings/output/resources/style.css
[02/Aug/2016 17:21:21] WARNING [django.request:143] Not Found: /static/sequencelistings/output/resources/style.css
[02/Aug/2016 17:21:23] WARNING [django.request:143] Not Found: /static/sequencelistings/output/resources/style.css
[02/Aug/2016 17:21:23] WARNING [django.request:143] Not Found: /static/sequencelistings/output/resources/style.css
[02/Aug/2016 17:21:26] WARNING [django.request:143] Not Found: /static/sequencelistings/output/resources/style.css
[02/Aug/2016 17:21:33] WARNING [django.request:143] Not Found: /static/sequencelistings/output/resources/style.css
[02/Aug/2016 17:21:35] WARNING [django.request:143] Not Found: /static/sequencelistings/output/resources/style.css
[02/Aug/2016 17:21:35] WARNING [django.request:143] Not Found: /static/sequencelistings/output/resources/style.css
[02/Aug/2016 17:21:41] ERROR [sequencelistings.util:123] The residues string contains "(" but does not match formula pattern. Residues: ab(c.
[02/Aug/2016 17:21:41] ERROR [sequencelistings.util:123] The residues string contains "(" but does not match formula pattern. Residues: a(b9c.
[02/Aug/2016 17:21:41] ERROR [sequencelistings.util:168] 
/Users/ad/pyton/projects/st26proto/authoringtool/sequencelistings/testData/test6.xml
Opening and ending tag mismatch: ApplicantNamey line 21 and ApplicantName, line 23, column 34
[02/Aug/2016 17:21:41] ERROR [sequencelistings.util:166] 
/Users/ad/pyton/projects/st26proto/authoringtool/sequencelistings/testData/test7.xml
<string>:8:0:ERROR:VALID:DTD_CONTENT_MODEL: Element ST26SequenceListing content does not follow the DTD, expecting ((ApplicantFileReference | (ApplicationIdentification , ApplicantFileReference?)) , EarliestPriorityApplicationIdentification? , (ApplicantName , ApplicantNameLatin?)? , (InventorName , InventorNameLatin?)? , InventionTitle+ , SequenceTotalQuantity , SequenceData+), got (ApplicationIdentification ApplicantFileReference EarliestPriorityApplicationIdentification ApplicantsName ApplicantNameLatin InventorName InventorNameLatin InventionTitle InventionTitle SequenceTotalQuantity SequenceData SequenceData )
[02/Aug/2016 17:21:41] ERROR [sequencelistings.util:166] 
/Users/ad/pyton/projects/st26proto/authoringtool/sequencelistings/testData/test8.xml
<string>:8:0:ERROR:VALID:DTD_CONTENT_MODEL: Element ST26SequenceListing content does not follow the DTD, expecting ((ApplicantFileReference | (ApplicationIdentification , ApplicantFileReference?)) , EarliestPriorityApplicationIdentification? , (ApplicantName , ApplicantNameLatin?)? , (InventorName , InventorNameLatin?)? , InventionTitle+ , SequenceTotalQuantity , SequenceData+), got (ApplicationIdentification ApplicantFileReference EarliestPriorityApplicationIdentification ApplicantName ApplicantNameLatin InventorName InventorNameLatin InventionTitle InventionTitle SequenceData SequenceData )
[02/Aug/2016 17:21:41] ERROR [sequencelistings.util:151] 
/Users/ad/pyton/projects/st26proto/authoringtool/sequencelistings/testData/test4.xml
Opening and ending tag mismatch: ApplicantNamex line 20 and ApplicantName, line 22, column 34
[02/Aug/2016 17:21:41] ERROR [sequencelistings.util:149] 
/Users/ad/pyton/projects/st26proto/authoringtool/sequencelistings/testData/test5.xml:103:0:ERROR:SCHEMASV:SCHEMAV_CVC_ENUMERATION_VALID: Element 'INSDFeature_key': [facet 'enumeration'] The value 'SOURCxE' is not an element of the set {'allele', 'attenuator', 'C_region', 'CAAT_signal', 'CDS', 'conflict', 'D-loop', 'D_segment', 'enhancer', 'exon', 'GC_signal', 'gene', 'iDNA', 'intron', 'J_segment', 'LTR', 'mat_peptide', 'misc_binding', 'misc_difference', 'misc_feature', 'misc_recomb', 'misc_RNA', 'misc_signal', 'misc_structure', 'modified_base', 'mRNA', 'mutation', 'N_region', 'old_sequence', 'polyA_signal', 'polyA_site', 'precursor_RNA', 'prim_transcript', 'primer_bind', 'promoter', 'protein_bind', 'RBS', 'repeat_region', 'repeat_unit', 'rep_origin', 'rRNA', 'S_region', 'satellite', 'scRNA', 'sig_peptide', 'snRNA', 'source', 'stem_loop', 'STS', 'TATA_signal', 'terminator', 'transit_peptide', 'tRNA', 'unsure', 'V_region', 'V_segment', 'variation', '3'clip', '3'UTR', '5'clip', '5'UTR', '-10_signal', '-35_signal', 'ACT_SITE', 'BINDING', 'CA_BIND', 'CARBOHYD', 'CHAIN', 'COILED', 'COMPBIAS', 'CONFLICT', 'CROSSLNK', 'DISULFID', 'DNA_BIND', 'DOMAIN', 'HELIX', 'INIT_MET', 'INTRAMEM', 'LIPID', 'METAL', 'MOD_RES', 'MOTIF', 'MUTAGEN', 'NON_STD', 'NON_TER', 'NP_BIND', 'PEPTIDE', 'PROPEP', 'REGION', 'REPEAT', 'SIGNAL', 'SITE', 'SOURCE', 'STRAND', 'TOPO_DOM', 'TRANSMEM', 'TRANSIT', 'TURN', 'UNSURE', 'VARIANT', 'VAR_SEQ', 'ZN_FING'}.
/Users/ad/pyton/projects/st26proto/authoringtool/sequencelistings/testData/test5.xml:103:0:ERROR:SCHEMASV:SCHEMAV_CVC_DATATYPE_VALID_1_2_1: Element 'INSDFeature_key': 'SOURCxE' is not a valid value of the atomic type 'featureKeyValue'.
[02/Aug/2016 17:21:41] ERROR [sequencelistings.util:149] 
/Users/ad/pyton/projects/st26proto/authoringtool/sequencelistings/testData/test8.xml:42:0:ERROR:SCHEMASV:SCHEMAV_ELEMENT_CONTENT: Element 'SequenceData': This element is not expected. Expected is ( EarliestPriorityApplicationIdentification ).
